<?xml version="1.0" encoding="UTF-8"?>
<!-- Generated by org.testng.reporters.JUnitXMLReporter -->
<testsuite hostname="LAPTOP-SIGT1BQ1" ignored="0" name="Verfy Title Test" tests="1" failures="0" timestamp="03 Oct 2020 14:59:40 GMT" time="0.318" errors="0">
  <testcase name="@BeforeTest initialize" time="0.236" classname="Academy.VerifyTitle">
    <failure type="java.lang.IllegalStateException" message="The driver executable does not exist: C:\Users\81F500JKIN (AYBY)\Desktop\Use Drivers\chromedriver.exe">
      <![CDATA[java.lang.IllegalStateException: The driver executable does not exist: C:\Users\81F500JKIN (AYBY)\Desktop\Use Drivers\chromedriver.exe
at com.google.common.base.Preconditions.checkState(Preconditions.java:585)
at org.openqa.selenium.remote.service.DriverService.checkExecutable(DriverService.java:146)
at org.openqa.selenium.remote.service.DriverService.findExecutable(DriverService.java:141)
at org.openqa.selenium.chrome.ChromeDriverService.access$000(ChromeDriverService.java:35)
at org.openqa.selenium.chrome.ChromeDriverService$Builder.findDefaultExecutable(ChromeDriverService.java:159)
at org.openqa.selenium.remote.service.DriverService$Builder.build(DriverService.java:355)
at org.openqa.selenium.chrome.ChromeDriverService.createDefaultService(ChromeDriverService.java:94)
at org.openqa.selenium.chrome.ChromeDriver.<init>(ChromeDriver.java:123)
at resources.base.initializeDriver(base.java:30)
at Academy.VerifyTitle.initialize(VerifyTitle.java:23)
... Removed 24 stack frames]]>
    </failure>
  </testcase> <!-- @BeforeTest initialize -->
  <testcase name="@AfterTest tearDown" time="0.0" classname="Academy.VerifyTitle">
    <skipped/>
  </testcase> <!-- @AfterTest tearDown -->
  <testcase name="basePageNavigation" time="0.0" classname="Academy.VerifyTitle">
    <skipped/>
  </testcase> <!-- basePageNavigation -->
</testsuite> <!-- Verfy Title Test -->
